  [1m[36m (0.1ms)[0m  [1mselect sqlite_version(*)[0m
  [1m[35m (147.9ms)[0m  CREATE TABLE "schema_migrations" ("version" varchar(255) NOT NULL) 
  [1m[36m (0.1ms)[0m  [1mPRAGMA index_list("schema_migrations")[0m
  [1m[35m (133.2ms)[0m  CREATE UNIQUE INDEX "unique_schema_migrations" ON "schema_migrations" ("version")
  [1m[36m (0.9ms)[0m  [1mSELECT "schema_migrations"."version" FROM "schema_migrations" [0m
Migrating to CreateProducts (20160401125414)
  [1m[35m (0.3ms)[0m  CREATE TABLE "products" ("id" INTEGER PRIMARY KEY AUTOINCREMENT NOT NULL, "title" varchar(255), "description" text, "image_url" varchar(255), "price" decimal, "created_at" datetime, "updated_at" datetime) 
  [1m[36m (0.1ms)[0m  [1mINSERT INTO "schema_migrations" ("version") VALUES ('20160401125414')[0m
  [1m[35m (0.2ms)[0m  select sqlite_version(*)
  [1m[36m (0.1ms)[0m  [1mSELECT "schema_migrations"."version" FROM "schema_migrations" [0m
  [1m[35m (0.0ms)[0m  PRAGMA index_list("products")


Started GET "/assets/rails.png" for 127.0.0.1 at 2016-04-01 18:26:33 +0530
Served asset /rails.png - 304 Not Modified (1ms)


Started GET "/product" for 127.0.0.1 at 2016-04-01 18:26:57 +0530

ActionController::RoutingError (No route matches [GET] "/product"):
  

Rendered /home/travel/.rvm/gems/ruby-1.9.3-p551/gems/actionpack-3.1.4/lib/action_dispatch/middleware/templates/rescues/routing_error.erb within rescues/layout (2.7ms)


Started GET "/products" for 127.0.0.1 at 2016-04-01 18:27:00 +0530
  Processing by ProductsController#index as HTML
  [1m[36mProduct Load (0.1ms)[0m  [1mSELECT "products".* FROM "products" [0m
Rendered products/index.html.erb within layouts/application (0.8ms)
Compiled application.css  (0ms)  (pid 13707)
Warning. Error encountered while saving cache /home/travel/Documents/Git/Training/depot/tmp/cache/sass/274026e01f6ac07feb1699cebdb5ec8130a242f8/products.css.scssc: can't dump anonymous class #<Class:0x00000002b56ba0>
Compiled products.css  (1ms)  (pid 13707)
Warning. Error encountered while saving cache /home/travel/Documents/Git/Training/depot/tmp/cache/sass/274026e01f6ac07feb1699cebdb5ec8130a242f8/scaffolds.css.scssc: can't dump anonymous class #<Class:0x00000002b56ba0>
Compiled scaffolds.css  (6ms)  (pid 13707)
Compiled application.js  (1ms)  (pid 13707)
Compiled jquery.js  (93ms)  (pid 13707)
Compiled jquery_ujs.js  (33ms)  (pid 13707)
Compiled products.js  (451ms)  (pid 13707)
Completed 200 OK in 633ms (Views: 632.4ms | ActiveRecord: 0.1ms)


Started GET "/assets/products.css?body=1" for 127.0.0.1 at 2016-04-01 18:27:01 +0530
Served asset /products.css - 200 OK (15ms)


Started GET "/assets/scaffolds.css?body=1" for 127.0.0.1 at 2016-04-01 18:27:01 +0530
Served asset /scaffolds.css - 304 Not Modified (3ms)


Started GET "/assets/jquery_ujs.js?body=1" for 127.0.0.1 at 2016-04-01 18:27:01 +0530
Served asset /jquery_ujs.js - 304 Not Modified (1ms)


Started GET "/assets/jquery.js?body=1" for 127.0.0.1 at 2016-04-01 18:27:01 +0530
Served asset /jquery.js - 304 Not Modified (1ms)


Started GET "/assets/application.css?body=1" for 127.0.0.1 at 2016-04-01 18:27:01 +0530
Served asset /application.css - 304 Not Modified (4ms)


Started GET "/assets/products.js?body=1" for 127.0.0.1 at 2016-04-01 18:27:01 +0530
Served asset /products.js - 200 OK (25ms)


Started GET "/assets/application.js?body=1" for 127.0.0.1 at 2016-04-01 18:27:01 +0530
Served asset /application.js - 304 Not Modified (2ms)


Started GET "/products/new" for 127.0.0.1 at 2016-04-01 18:27:39 +0530
  Processing by ProductsController#new as HTML
Rendered products/_form.html.erb (7.3ms)
Rendered products/new.html.erb within layouts/application (11.1ms)
Completed 200 OK in 16ms (Views: 15.3ms | ActiveRecord: 0.2ms)


Started GET "/assets/products.css?body=1" for 127.0.0.1 at 2016-04-01 18:27:39 +0530
Served asset /products.css - 304 Not Modified (0ms)


Started GET "/assets/application.css?body=1" for 127.0.0.1 at 2016-04-01 18:27:39 +0530
Served asset /application.css - 304 Not Modified (0ms)


Started GET "/assets/jquery.js?body=1" for 127.0.0.1 at 2016-04-01 18:27:39 +0530
Served asset /jquery.js - 304 Not Modified (0ms)


Started GET "/assets/jquery_ujs.js?body=1" for 127.0.0.1 at 2016-04-01 18:27:39 +0530
Served asset /jquery_ujs.js - 304 Not Modified (0ms)


Started GET "/assets/scaffolds.css?body=1" for 127.0.0.1 at 2016-04-01 18:27:39 +0530
Served asset /scaffolds.css - 304 Not Modified (0ms)


Started GET "/assets/products.js?body=1" for 127.0.0.1 at 2016-04-01 18:27:39 +0530
Served asset /products.js - 304 Not Modified (0ms)


Started GET "/assets/application.js?body=1" for 127.0.0.1 at 2016-04-01 18:27:39 +0530
Served asset /application.js - 304 Not Modified (0ms)


Started GET "/products/new" for 127.0.0.1 at 2016-04-01 18:32:07 +0530
  Processing by ProductsController#new as HTML
Rendered products/_form.html.erb (6.3ms)
Rendered products/new.html.erb within layouts/application (6.8ms)
Completed 200 OK in 10ms (Views: 9.9ms | ActiveRecord: 0.2ms)


Started GET "/assets/products.css?body=1" for 127.0.0.1 at 2016-04-01 18:32:07 +0530
Served asset /products.css - 304 Not Modified (0ms)


Started GET "/assets/application.css?body=1" for 127.0.0.1 at 2016-04-01 18:32:07 +0530
Served asset /application.css - 304 Not Modified (0ms)


Started GET "/assets/jquery_ujs.js?body=1" for 127.0.0.1 at 2016-04-01 18:32:07 +0530
Served asset /jquery_ujs.js - 304 Not Modified (0ms)


Started GET "/assets/jquery.js?body=1" for 127.0.0.1 at 2016-04-01 18:32:07 +0530
Served asset /jquery.js - 304 Not Modified (0ms)


Started GET "/assets/products.js?body=1" for 127.0.0.1 at 2016-04-01 18:32:07 +0530
Served asset /products.js - 304 Not Modified (0ms)


Started GET "/assets/scaffolds.css?body=1" for 127.0.0.1 at 2016-04-01 18:32:07 +0530
Served asset /scaffolds.css - 304 Not Modified (0ms)


Started GET "/assets/application.js?body=1" for 127.0.0.1 at 2016-04-01 18:32:07 +0530
Served asset /application.js - 304 Not Modified (0ms)


Started POST "/products" for 127.0.0.1 at 2016-04-01 18:33:50 +0530
  Processing by ProductsController#create as HTML
  Parameters: {"utf8"=>"✓", "authenticity_token"=>"oofk0iZNA4bH5H4jxOVQ56GTO1yjepFqBHQlgYmTw+A=", "product"=>{"title"=>"start chapter 6", "description"=>"dasfsdgfsdgf\r\ngfsdfgsfdgsdf\r\nfdgsdfgdsfggf\r\nvcxvdgrtt\r\nfdsfgsdfgsg\r\nsdfgsdfgsfgd", "image_url"=>"http://www.src/gfdas.jpg", "price"=>"34"}, "commit"=>"Create Product"}
  [1m[35mSQL (25.9ms)[0m  INSERT INTO "products" ("created_at", "description", "image_url", "price", "title", "updated_at") VALUES (?, ?, ?, ?, ?, ?)  [["created_at", Fri, 01 Apr 2016 13:03:50 UTC +00:00], ["description", "dasfsdgfsdgf\r\ngfsdfgsfdgsdf\r\nfdgsdfgdsfggf\r\nvcxvdgrtt\r\nfdsfgsdfgsg\r\nsdfgsdfgsfgd"], ["image_url", "http://www.src/gfdas.jpg"], ["price", #<BigDecimal:7f5a20140b50,'0.34E2',9(18)>], ["title", "start chapter 6"], ["updated_at", Fri, 01 Apr 2016 13:03:50 UTC +00:00]]
Redirected to http://localhost:3000/products/1
Completed 302 Found in 218ms


Started GET "/products/1" for 127.0.0.1 at 2016-04-01 18:33:50 +0530
  Processing by ProductsController#show as HTML
  Parameters: {"id"=>"1"}
  [1m[36mProduct Load (0.1ms)[0m  [1mSELECT "products".* FROM "products" WHERE "products"."id" = ? LIMIT 1[0m  [["id", "1"]]
Rendered products/show.html.erb within layouts/application (4.2ms)
Completed 200 OK in 11ms (Views: 8.7ms | ActiveRecord: 0.3ms)


Started GET "/assets/products.css?body=1" for 127.0.0.1 at 2016-04-01 18:33:50 +0530
Served asset /products.css - 304 Not Modified (0ms)


Started GET "/assets/scaffolds.css?body=1" for 127.0.0.1 at 2016-04-01 18:33:50 +0530
Served asset /scaffolds.css - 304 Not Modified (0ms)


Started GET "/assets/application.css?body=1" for 127.0.0.1 at 2016-04-01 18:33:50 +0530
Served asset /application.css - 304 Not Modified (0ms)


Started GET "/assets/jquery_ujs.js?body=1" for 127.0.0.1 at 2016-04-01 18:33:50 +0530
Served asset /jquery_ujs.js - 304 Not Modified (0ms)


Started GET "/assets/jquery.js?body=1" for 127.0.0.1 at 2016-04-01 18:33:50 +0530
Served asset /jquery.js - 304 Not Modified (0ms)


Started GET "/assets/products.js?body=1" for 127.0.0.1 at 2016-04-01 18:33:50 +0530
Served asset /products.js - 304 Not Modified (0ms)


Started GET "/assets/application.js?body=1" for 127.0.0.1 at 2016-04-01 18:33:50 +0530
Served asset /application.js - 304 Not Modified (0ms)
  [1m[36m (0.9ms)[0m  [1mSELECT "schema_migrations"."version" FROM "schema_migrations" [0m
  [1m[35mSQL (148.5ms)[0m  DELETE FROM "products"
  [1m[36mSQL (4.1ms)[0m  [1mINSERT INTO "products" ("created_at", "description", "image_url", "price", "title", "updated_at") VALUES (?, ?, ?, ?, ?, ?)[0m  [["created_at", Fri, 01 Apr 2016 13:06:49 UTC +00:00], ["description", "<p>\nRuby is the fastest growing and most exciting dynamic language\nout there. If you need to get working programs delivered fast,\nyou should add Ruby to your toolbox.\n</p>"], ["image_url", "ruby.jpg"], ["price", #<BigDecimal:3f7d778,'0.4995E2',18(45)>], ["title", "Programming Ruby 1.9"], ["updated_at", Fri, 01 Apr 2016 13:06:49 UTC +00:00]]


Started GET "/assets/rails.png" for 127.0.0.1 at 2016-04-03 21:00:25 +0530
Served asset /rails.png - 304 Not Modified (1ms)


Started GET "/products" for 127.0.0.1 at 2016-04-03 21:02:50 +0530
  Processing by ProductsController#index as HTML
  [1m[36mProduct Load (0.1ms)[0m  [1mSELECT "products".* FROM "products" [0m
Rendered products/index.html.erb within layouts/application (25.4ms)
Warning. Error encountered while saving cache /home/travel/Documents/Git/Training/depot/tmp/cache/sass/274026e01f6ac07feb1699cebdb5ec8130a242f8/products.css.scssc: can't dump anonymous class #<Class:0x00000001ff9d20>
Compiled products.css  (6ms)  (pid 15539)
Compiled application.css  (0ms)  (pid 15539)
Completed 200 OK in 52ms (Views: 50.8ms | ActiveRecord: 0.3ms)


Started GET "/assets/application.css?body=1" for 127.0.0.1 at 2016-04-03 21:02:50 +0530
Served asset /application.css - 200 OK (5ms)


Started GET "/assets/products.css?body=1" for 127.0.0.1 at 2016-04-03 21:02:50 +0530
Served asset /products.css - 200 OK (1ms)


Started GET "/assets/scaffolds.css?body=1" for 127.0.0.1 at 2016-04-03 21:02:50 +0530
Served asset /scaffolds.css - 304 Not Modified (1ms)


Started GET "/assets/products.js?body=1" for 127.0.0.1 at 2016-04-03 21:02:50 +0530
Served asset /products.js - 304 Not Modified (1ms)


Started GET "/assets/jquery.js?body=1" for 127.0.0.1 at 2016-04-03 21:02:50 +0530
Served asset /jquery.js - 304 Not Modified (2ms)


Started GET "/assets/jquery_ujs.js?body=1" for 127.0.0.1 at 2016-04-03 21:02:50 +0530
Served asset /jquery_ujs.js - 304 Not Modified (1ms)


Started GET "/assets/application.js?body=1" for 127.0.0.1 at 2016-04-03 21:02:50 +0530
Served asset /application.js - 304 Not Modified (0ms)


Started GET "/products/new" for 127.0.0.1 at 2016-04-03 21:05:41 +0530
  Processing by ProductsController#new as HTML
Rendered products/_form.html.erb (26.4ms)
Rendered products/new.html.erb within layouts/application (30.4ms)
Completed 200 OK in 34ms (Views: 33.5ms | ActiveRecord: 0.2ms)


Started GET "/assets/scaffolds.css?body=1" for 127.0.0.1 at 2016-04-03 21:05:41 +0530
Served asset /scaffolds.css - 304 Not Modified (0ms)


Started GET "/assets/jquery.js?body=1" for 127.0.0.1 at 2016-04-03 21:05:41 +0530
Served asset /jquery.js - 304 Not Modified (0ms)


Started GET "/assets/jquery_ujs.js?body=1" for 127.0.0.1 at 2016-04-03 21:05:41 +0530
Served asset /jquery_ujs.js - 304 Not Modified (0ms)


Started GET "/assets/products.js?body=1" for 127.0.0.1 at 2016-04-03 21:05:41 +0530
Served asset /products.js - 304 Not Modified (0ms)


Started GET "/assets/application.js?body=1" for 127.0.0.1 at 2016-04-03 21:05:41 +0530
Served asset /application.js - 304 Not Modified (0ms)


Started GET "/products/" for 127.0.0.1 at 2016-04-03 21:14:45 +0530
  Processing by ProductsController#index as HTML
  [1m[35mProduct Load (0.1ms)[0m  SELECT "products".* FROM "products" 
Rendered products/index.html.erb within layouts/application (255.4ms)
Completed 200 OK in 262ms (Views: 259.3ms | ActiveRecord: 1.1ms)


Started GET "/assets/scaffolds.css?body=1" for 127.0.0.1 at 2016-04-03 21:14:46 +0530
Served asset /scaffolds.css - 304 Not Modified (0ms)


Started GET "/assets/ruby.jpg" for 127.0.0.1 at 2016-04-03 21:14:46 +0530
Served asset /ruby.jpg - 404 Not Found (0ms)

ActionController::RoutingError (No route matches [GET] "/assets/ruby.jpg"):
  

Rendered /home/travel/.rvm/gems/ruby-1.9.3-p551/gems/actionpack-3.1.4/lib/action_dispatch/middleware/templates/rescues/routing_error.erb within rescues/layout (0.3ms)


Started GET "/assets/application.js?body=1" for 127.0.0.1 at 2016-04-03 21:14:46 +0530
Served asset /application.js - 304 Not Modified (0ms)


Started GET "/assets/jquery.js?body=1" for 127.0.0.1 at 2016-04-03 21:14:46 +0530
Served asset /jquery.js - 304 Not Modified (0ms)


Started GET "/assets/products.js?body=1" for 127.0.0.1 at 2016-04-03 21:14:46 +0530
Served asset /products.js - 304 Not Modified (0ms)


Started GET "/assets/jquery_ujs.js?body=1" for 127.0.0.1 at 2016-04-03 21:14:46 +0530
Served asset /jquery_ujs.js - 304 Not Modified (0ms)


Started GET "/assets/ruby.jpg" for 127.0.0.1 at 2016-04-03 21:14:46 +0530
Served asset /ruby.jpg - 404 Not Found (1ms)

ActionController::RoutingError (No route matches [GET] "/assets/ruby.jpg"):
  

Rendered /home/travel/.rvm/gems/ruby-1.9.3-p551/gems/actionpack-3.1.4/lib/action_dispatch/middleware/templates/rescues/routing_error.erb within rescues/layout (0.4ms)
  [1m[36m (18.1ms)[0m  [1mSELECT "schema_migrations"."version" FROM "schema_migrations" [0m
